#
# An unexpected error has been detected by Java Runtime Environment:
#
#  EXCEPTION_ACCESS_VIOLATION (0xc0000005) at pc=0x79a82baf, pid=4708, tid=4840
#
# Java VM: Java HotSpot(TM) Client VM (10.0-b19 mixed mode windows-x86)
# Problematic frame:
# C  [mcr.dll+0x2baf]
#
# If you would like to submit a bug report, please visit:
#   http://java.sun.com/webapps/bugreport/crash.jsp
# The crash happened outside the Java Virtual Machine in native code.
# See problematic frame for where to report the bug.
#

---------------  T H R E A D  ---------------

Current thread (0x066efc00):  JavaThread "main" [_thread_in_native, id=4840, stack(0x00430000,0x00c30000)]

siginfo: ExceptionCode=0xc0000005, reading address 0x0000002c

Registers:
EAX=0x0000002c, EBX=0x00000001, ECX=0x06001c78, EDX=0x01150048
ESP=0x00c2ee00, EBP=0x00c2ee14, ESI=0x06001c78, EDI=0x00000000
EIP=0x79a82baf, EFLAGS=0x00010206

Top of Stack: (sp=0x00c2ee00)
0x00c2ee00:   00000000 06001c78 00c2ee38 79ab0d91
0x00c2ee10:   ffffffff 00c2ee44 79aa998b 0000002c
0x00c2ee20:   7b3868de 00c2f378 00c2ee64 00c2ee68
0x00c2ee30:   00c2ee60 06001c78 00c2f39c 79ab33db
0x00c2ee40:   00000000 00c2ee58 79a81f6c 00000001
0x00c2ee50:   00000000 00000000 00c2f3a8 79aadaf9
0x00c2ee60:   011cd4d8 00000001 7b3868de 00000000
0x00c2ee70:   00000000 778079e8 00000003 00000000 

Instructions: (pc=0x79a82baf)
0x79a82b9f:   00 50 64 89 25 00 00 00 00 51 8b 45 08 56 8b f1
0x79a82baf:   8b 08 89 0e 8b 50 04 89 56 04 8b 48 08 89 4e 08 


Stack: [0x00430000,0x00c30000],  sp=0x00c2ee00,  free space=8187k
Native frames: (J=compiled Java code, j=interpreted, Vv=VM code, C=native code)
C  [mcr.dll+0x2baf]
C  [mcr.dll+0x2998b]
C  [mcr.dll+0x1f6c]
C  [mcr.dll+0x2daf9]
C  [mcr.dll+0x2ddf7]
C  [m_dispatcher.dll+0x6dac]
C  [m_dispatcher.dll+0x6eb1]
C  [m_dispatcher.dll+0x3f6b]
C  [m_dispatcher.dll+0x6dac]
C  [m_dispatcher.dll+0x6eb1]
C  [m_interpreter.dll+0xa6fcd]
C  [m_interpreter.dll+0xa1da6]
C  [m_interpreter.dll+0x111f1]
C  [nativejmi.dll+0x27b2]
C  [nativejmi.dll+0x2f32]
C  [nativejmi.dll+0x29ea]
C  [nativejmi.dll+0x6ebd]
C  [nativejmi.dll+0x6f83]
v  ~BufferBlob::Interpreter
v  ~BufferBlob::Interpreter
v  ~BufferBlob::Interpreter
v  ~BufferBlob::Interpreter
v  ~BufferBlob::Interpreter
v  ~BufferBlob::Interpreter
v  ~BufferBlob::StubRoutines (1)

Java frames: (J=compiled Java code, j=interpreted, Vv=VM code)
v  ~BufferBlob::Interpreter
v  ~BufferBlob::Interpreter
v  ~BufferBlob::Interpreter
v  ~BufferBlob::Interpreter
v  ~BufferBlob::Interpreter
v  ~BufferBlob::Interpreter
v  ~BufferBlob::StubRoutines (1)

---------------  P R O C E S S  ---------------

Java Threads: ( => current thread )
  0x0c77b000 JavaThread "Timer-15" [_thread_new, id=5244, stack(0x00000000,0x00000000)]
  0x0c77ac00 JavaThread "Timer-13" [_thread_blocked, id=3712, stack(0x05f00000,0x05f80000)]
  0x0c77a400 JavaThread "Thread-19" [_thread_blocked, id=4116, stack(0x1c890000,0x1c910000)]
  0x0c77a000 JavaThread "Thread-18" [_thread_blocked, id=2460, stack(0x1c810000,0x1c890000)]
  0x0c229000 JavaThread "Thread-17" [_thread_blocked, id=3676, stack(0x0e530000,0x0e5b0000)]
  0x0c228800 JavaThread "Active Reference Queue Daemon" daemon [_thread_blocked, id=4356, stack(0x0db80000,0x0dc00000)]
  0x0c228400 JavaThread "Timer-12" daemon [_thread_blocked, id=4544, stack(0x0db00000,0x0db80000)]
  0x0c228000 JavaThread "Timer-11" daemon [_thread_blocked, id=552, stack(0x0da60000,0x0dae0000)]
  0x0c0e0400 JavaThread "Timer-1" [_thread_blocked, id=4412, stack(0x0d610000,0x0d690000)]
  0x0c510000 JavaThread "TimerQueue" daemon [_thread_blocked, id=2156, stack(0x0d3e0000,0x0d460000)]
  0x0c5b5c00 JavaThread "AWT-EventQueue-0" [_thread_blocked, id=760, stack(0x0d340000,0x0d3c0000)]
  0x0c5b5800 JavaThread "AWT-Shutdown" [_thread_blocked, id=6076, stack(0x0d2c0000,0x0d340000)]
  0x0c515000 JavaThread "Image Fetcher 3" daemon [_thread_blocked, id=3368, stack(0x0d200000,0x0d280000)]
  0x0c476c00 JavaThread "Image Fetcher 2" daemon [_thread_blocked, id=2060, stack(0x0cc70000,0x0ccf0000)]
  0x0c40bc00 JavaThread "AWT-Windows" daemon [_thread_in_native, id=4136, stack(0x0cbf0000,0x0cc70000)]
  0x0c40ac00 JavaThread "Java2D Disposer" daemon [_thread_blocked, id=2944, stack(0x0caf0000,0x0cb70000)]
  0x0b9cd800 JavaThread "Timer-0" [_thread_blocked, id=2588, stack(0x0bbb0000,0x0bc30000)]
  0x0b9cd000 JavaThread "JMI Unnamed Thread" [_thread_in_native, id=5672, stack(0x03ba0000,0x043a0000)]
  0x0667e400 JavaThread "Low Memory Detector" daemon [_thread_blocked, id=5764, stack(0x0b130000,0x0b1b0000)]
  0x06672800 JavaThread "CompilerThread0" daemon [_thread_blocked, id=5956, stack(0x0a930000,0x0b130000)]
  0x06669c00 JavaThread "Attach Listener" daemon [_thread_blocked, id=4320, stack(0x0a8b0000,0x0a930000)]
  0x06655400 JavaThread "Finalizer" daemon [_thread_blocked, id=4632, stack(0x06770000,0x067f0000)]
  0x06651000 JavaThread "Reference Handler" daemon [_thread_blocked, id=2628, stack(0x066f0000,0x06770000)]
=>0x066efc00 JavaThread "main" [_thread_in_native, id=4840, stack(0x00430000,0x00c30000)]

Other Threads:
  0x0664c400 VMThread [stack: 0x08860000,0x09060000] [id=5840]
  0x06689800 WatcherThread [stack: 0x0b1b0000,0x0b9b0000] [id=5312]

VM state:synchronizing (normal execution)

VM Mutex/Monitor currently owned by a thread:  ([mutex/lock_event])
[0x066ef8a8/0x000003cc] Safepoint_lock - owner thread: 0x0664c400
[0x066ef908/0x000003dc] Threads_lock - owner thread: 0x0664c400

Heap
 def new generation   total 14784K, used 3618K [0x10010000, 0x11010000, 0x12010000)
  eden space 13184K,  18% used [0x10010000, 0x1026ae50, 0x10cf0000)
  from space 1600K,  75% used [0x10e80000, 0x10fadb90, 0x11010000)
  to   space 1600K,   0% used [0x10cf0000, 0x10cf0000, 0x10e80000)
 tenured generation   total 49152K, used 20817K [0x12010000, 0x15010000, 0x18010000)
   the space 49152K,  42% used [0x12010000, 0x134647b0, 0x13464800, 0x15010000)
 compacting perm gen  total 32768K, used 26019K [0x18010000, 0x1a010000, 0x1c010000)
   the space 32768K,  79% used [0x18010000, 0x19978e78, 0x19979000, 0x1a010000)
No shared spaces configured.

Dynamic libraries:
0x00400000 - 0x0042f000 	C:\Program Files\MATLAB\R2009a\bin\win32\matlab.exe
0x777b0000 - 0x778ec000 	C:\Windows\SYSTEM32\ntdll.dll
0x77640000 - 0x77714000 	C:\Windows\system32\kernel32.dll
0x75b80000 - 0x75bca000 	C:\Windows\system32\KERNELBASE.dll
0x7b280000 - 0x7b34a000 	C:\Program Files\MATLAB\R2009a\bin\win32\libut.dll
0x76260000 - 0x7628a000 	C:\Windows\system32\imagehlp.dll
0x77920000 - 0x779cc000 	C:\Windows\system32\msvcrt.dll
0x77900000 - 0x77905000 	C:\Windows\system32\PSAPI.DLL
0x7bba0000 - 0x7bbbf000 	C:\Program Files\MATLAB\R2009a\bin\win32\LIBEXPAT.dll
0x691c0000 - 0x6925b000 	C:\Windows\WinSxS\x86_microsoft.vc80.crt_1fc8b3b9a1e18e3b_8.0.50727.4940_none_d08cc06a442b34fc\MSVCR80.dll
0x7b6b0000 - 0x7b791000 	C:\Program Files\MATLAB\R2009a\bin\win32\icuuc38.dll
0x76060000 - 0x76100000 	C:\Windows\system32\ADVAPI32.dll
0x75c00000 - 0x75c19000 	C:\Windows\SYSTEM32\sechost.dll
0x76550000 - 0x765f1000 	C:\Windows\system32\RPCRT4.dll
0x7ad90000 - 0x7ad94000 	C:\Program Files\MATLAB\R2009a\bin\win32\icudt38.dll
0x7ada0000 - 0x7adac000 	C:\Program Files\MATLAB\R2009a\bin\win32\icuio38.dll
0x7afe0000 - 0x7b0c4000 	C:\Program Files\MATLAB\R2009a\bin\win32\icuin38.dll
0x55060000 - 0x550e7000 	C:\Windows\WinSxS\x86_microsoft.vc80.crt_1fc8b3b9a1e18e3b_8.0.50727.4940_none_d08cc06a442b34fc\MSVCP80.dll
0x76100000 - 0x761c9000 	C:\Windows\system32\USER32.dll
0x766a0000 - 0x766ee000 	C:\Windows\system32\GDI32.dll
0x77910000 - 0x7791a000 	C:\Windows\system32\LPK.dll
0x76600000 - 0x7669d000 	C:\Windows\system32\USP10.dll
0x782e0000 - 0x78317000 	C:\Program Files\MATLAB\R2009a\bin\win32\libmwfl.dll
0x10000000 - 0x1000e000 	C:\Program Files\MATLAB\R2009a\bin\win32\boost_date_time-vc80-mt-1_36.dll
0x00230000 - 0x00240000 	C:\Program Files\MATLAB\R2009a\bin\win32\boost_signals-vc80-mt-1_36.dll
0x00250000 - 0x00257000 	C:\Program Files\MATLAB\R2009a\bin\win32\boost_system-vc80-mt-1_36.dll
0x00270000 - 0x0027c000 	C:\Program Files\MATLAB\R2009a\bin\win32\boost_thread-vc80-mt-1_36.dll
0x7b3b0000 - 0x7b59a000 	C:\Program Files\MATLAB\R2009a\bin\win32\libmwservices.dll
0x7b350000 - 0x7b3aa000 	C:\Program Files\MATLAB\R2009a\bin\win32\libmx.dll
0x787a0000 - 0x787b3000 	C:\Program Files\MATLAB\R2009a\bin\win32\zlib1.dll
0x7b5a0000 - 0x7b6af000 	C:\Program Files\MATLAB\R2009a\bin\win32\libmwmathutil.dll
0x79510000 - 0x79543000 	C:\Program Files\MATLAB\R2009a\bin\win32\mpath.dll
0x6fef0000 - 0x6ff1f000 	C:\Program Files\MATLAB\R2009a\bin\win32\mlutil.dll
0x002e0000 - 0x00319000 	C:\Program Files\MATLAB\R2009a\bin\win32\tbb.dll
0x68060000 - 0x680e4000 	C:\Windows\WinSxS\x86_microsoft.windows.common-controls_6595b64144ccf1df_5.82.7601.17514_none_ec83dffa859149af\COMCTL32.dll
0x75d60000 - 0x75ddb000 	C:\Windows\system32\comdlg32.dll
0x767f0000 - 0x76847000 	C:\Windows\system32\SHLWAPI.dll
0x76850000 - 0x7749a000 	C:\Windows\system32\SHELL32.dll
0x73310000 - 0x73321000 	C:\Windows\system32\NETAPI32.dll
0x73300000 - 0x73309000 	C:\Windows\system32\netutils.dll
0x75620000 - 0x75639000 	C:\Windows\system32\srvcli.dll
0x732f0000 - 0x732ff000 	C:\Windows\system32\wkscli.dll
0x76220000 - 0x76255000 	C:\Windows\system32\WS2_32.dll
0x778f0000 - 0x778f6000 	C:\Windows\system32\NSI.dll
0x79a80000 - 0x79ad3000 	C:\Program Files\MATLAB\R2009a\bin\win32\mcr.dll
0x7adb0000 - 0x7adeb000 	C:\Program Files\MATLAB\R2009a\bin\win32\iqm.dll
0x7a080000 - 0x7a558000 	C:\Program Files\MATLAB\R2009a\bin\win32\m_interpreter.dll
0x7ae00000 - 0x7ae0c000 	C:\Program Files\MATLAB\R2009a\bin\win32\libmex.dll
0x79960000 - 0x799b7000 	C:\Program Files\MATLAB\R2009a\bin\win32\m_dispatcher.dll
0x78670000 - 0x7868c000 	C:\Program Files\MATLAB\R2009a\bin\win32\datasvcs.dll
0x78df0000 - 0x78fb2000 	C:\Program Files\MATLAB\R2009a\bin\win32\xerces-c_2_7.dll
0x00c30000 - 0x00ccd000 	C:\Program Files\MATLAB\R2009a\bin\win32\boost_regex-vc80-mt-1_36.dll
0x79870000 - 0x798c7000 	C:\Program Files\MATLAB\R2009a\bin\win32\profiler.dll
0x7ae60000 - 0x7ae7e000 	C:\Program Files\MATLAB\R2009a\bin\win32\libmwmathrng.dll
0x78720000 - 0x78732000 	C:\Program Files\MATLAB\R2009a\bin\win32\m_pcodeio.dll
0x794d0000 - 0x79507000 	C:\Program Files\MATLAB\R2009a\bin\win32\m_ir.dll
0x79b60000 - 0x7a077000 	C:\Program Files\MATLAB\R2009a\bin\win32\m_parser.dll
0x7adf0000 - 0x7adfe000 	C:\Program Files\MATLAB\R2009a\bin\win32\ir_xfmr.dll
0x78320000 - 0x78468000 	C:\Program Files\MATLAB\R2009a\bin\win32\mcos.dll
0x7aea0000 - 0x7aeaa000 	C:\Program Files\MATLAB\R2009a\bin\win32\mtok.dll
0x78700000 - 0x78716000 	C:\Program Files\MATLAB\R2009a\bin\win32\m_pcodegen.dll
0x78650000 - 0x7866b000 	C:\Program Files\MATLAB\R2009a\bin\win32\bridge.dll
0x7aae0000 - 0x7ab64000 	C:\Program Files\MATLAB\R2009a\bin\win32\udd.dll
0x7b7a0000 - 0x7b89b000 	C:\Program Files\MATLAB\R2009a\bin\win32\libmwgui.dll
0x78800000 - 0x789f1000 	C:\Program Files\MATLAB\R2009a\bin\win32\hg.dll
0x78690000 - 0x786b2000 	C:\Program Files\MATLAB\R2009a\bin\win32\libmat.dll
0x7b0d0000 - 0x7b275000 	C:\Program Files\MATLAB\R2009a\bin\win32\libhdf5.dll
0x793e0000 - 0x7941e000 	C:\Program Files\MATLAB\R2009a\bin\win32\jmi.dll
0x790f0000 - 0x7911c000 	C:\Program Files\MATLAB\R2009a\bin\win32\libmwhardcopy.dll
0x79490000 - 0x794c7000 	C:\Program Files\MATLAB\R2009a\bin\win32\libuij.dll
0x78d50000 - 0x78de5000 	C:\Program Files\MATLAB\R2009a\bin\win32\libmwmathlinalg.dll
0x78a60000 - 0x78d42000 	C:\Program Files\MATLAB\R2009a\bin\win32\libmwmathelem.dll
0x78a00000 - 0x78a52000 	C:\Program Files\MATLAB\R2009a\bin\win32\libmwmathcore.dll
0x798d0000 - 0x79917000 	C:\Program Files\MATLAB\R2009a\bin\win32\libmwcholmod.dll
0x7ae10000 - 0x7ae1a000 	C:\Program Files\MATLAB\R2009a\bin\win32\libmwamd.dll
0x7ae40000 - 0x7ae49000 	C:\Program Files\MATLAB\R2009a\bin\win32\libmwcolamd.dll
0x7ae30000 - 0x7ae3d000 	C:\Program Files\MATLAB\R2009a\bin\win32\libmwblas.dll
0x7ae20000 - 0x7ae2c000 	C:\Program Files\MATLAB\R2009a\bin\win32\libmwbinder.dll
0x786c0000 - 0x786f8000 	C:\Program Files\MATLAB\R2009a\bin\win32\libmwlapack.dll
0x6feb0000 - 0x6fee5000 	C:\Program Files\MATLAB\R2009a\bin\win32\libmwrookfastbp.dll
0x79120000 - 0x7915c000 	C:\Program Files\MATLAB\R2009a\bin\win32\libmwma57.dll
0x7aef0000 - 0x7afd9000 	C:\Program Files\MATLAB\R2009a\bin\win32\libifcoremd.dll
0x79550000 - 0x79813000 	C:\Program Files\MATLAB\R2009a\bin\win32\libmmd.dll
0x7ae50000 - 0x7ae5c000 	C:\Program Files\MATLAB\R2009a\bin\win32\libmwcsparse.dll
0x79a20000 - 0x79a73000 	C:\Program Files\MATLAB\R2009a\bin\win32\libmwumfpack.dll
0x00e60000 - 0x00f07000 	C:\Program Files\MATLAB\R2009a\bin\win32\hgdatatypes.dll
0x7ab70000 - 0x7ad89000 	C:\Program Files\MATLAB\R2009a\bin\win32\uiw.dll
0x7aee0000 - 0x7aee9000 	C:\Program Files\MATLAB\R2009a\bin\win32\uinone.dll
0x5ad70000 - 0x5ae80000 	C:\Windows\WinSxS\x86_microsoft.vc80.mfc_1fc8b3b9a1e18e3b_8.0.50727.4053_none_cbf21254470d8752\MFC80.DLL
0x6e7b0000 - 0x6e801000 	C:\Windows\system32\WINSPOOL.DRV
0x763f0000 - 0x7654c000 	C:\Windows\system32\ole32.dll
0x76360000 - 0x763ef000 	C:\Windows\system32\OLEAUT32.dll
0x79ae0000 - 0x79b55000 	C:\Program Files\MATLAB\R2009a\bin\win32\udd_mi.dll
0x78740000 - 0x78753000 	C:\Program Files\MATLAB\R2009a\bin\win32\mwoles05.DLL
0x79820000 - 0x79864000 	C:\Program Files\MATLAB\R2009a\bin\win32\comcli.dll
0x69710000 - 0x6972b000 	C:\Windows\WinSxS\x86_microsoft.vc80.atl_1fc8b3b9a1e18e3b_8.0.50727.4053_none_d1c738ec43578ea1\ATL80.DLL
0x7ae90000 - 0x7ae9b000 	C:\Program Files\MATLAB\R2009a\bin\win32\mlautoregister.dll
0x75fe0000 - 0x75fff000 	C:\Windows\system32\IMM32.DLL
0x76290000 - 0x7635c000 	C:\Windows\system32\MSCTF.dll
0x6d2a0000 - 0x6d2ae000 	C:\Windows\WinSxS\x86_microsoft.vc80.mfcloc_1fc8b3b9a1e18e3b_8.0.50727.762_none_43efccf17831d131\MFC80ENU.DLL
0x74390000 - 0x743d0000 	C:\Windows\system32\uxtheme.dll
0x75900000 - 0x7590b000 	C:\Windows\system32\profapi.dll
0x735a0000 - 0x735bc000 	C:\Windows\system32\iphlpapi.dll
0x73590000 - 0x73597000 	C:\Windows\system32\WINNSI.DLL
0x75200000 - 0x75244000 	C:\Windows\system32\DNSAPI.dll
0x73470000 - 0x7347d000 	C:\Windows\system32\dhcpcsvc6.DLL
0x73450000 - 0x73462000 	C:\Windows\system32\dhcpcsvc.DLL
0x6d2e0000 - 0x6d2e3000 	C:\Windows\system32\icmp.Dll
0x75850000 - 0x7585c000 	C:\Windows\system32\CRYPTBASE.dll
0x79190000 - 0x793e0000 	C:\Program Files\MATLAB\R2009a\sys\java\jre\win32\jre\bin\client\jvm.dll
0x6e890000 - 0x6e8c2000 	C:\Windows\system32\WINMM.dll
0x6ffa0000 - 0x6fff6000 	C:\Program Files\MATLAB\R2009a\bin\win32\MSVCR71.dll
0x75800000 - 0x7584c000 	C:\Windows\system32\apphelp.dll
0x72df0000 - 0x72edb000 	C:\Windows\system32\dbghelp.dll
0x77720000 - 0x777a3000 	C:\Windows\system32\CLBCatQ.DLL
0x79920000 - 0x79928000 	C:\Program Files\MATLAB\R2009a\sys\java\jre\win32\jre\bin\hpi.dll
0x79940000 - 0x7994c000 	C:\Program Files\MATLAB\R2009a\sys\java\jre\win32\jre\bin\verify.dll
0x787c0000 - 0x787df000 	C:\Program Files\MATLAB\R2009a\sys\java\jre\win32\jre\bin\java.dll
0x79950000 - 0x7995f000 	C:\Program Files\MATLAB\R2009a\sys\java\jre\win32\jre\bin\zip.dll
0x74700000 - 0x7489e000 	C:\Windows\WinSxS\x86_microsoft.windows.common-controls_6595b64144ccf1df_6.0.7601.17514_none_41e6975e2bd6f2b2\comctl32.dll
0x774a0000 - 0x7763d000 	C:\Windows\system32\SETUPAPI.dll
0x75bd0000 - 0x75bf7000 	C:\Windows\system32\CFGMGR32.dll
0x75b60000 - 0x75b72000 	C:\Windows\system32\DEVOBJ.dll
0x744e0000 - 0x745d5000 	C:\Windows\system32\propsys.dll
0x74470000 - 0x74491000 	C:\Windows\system32\ntmarta.dll
0x761d0000 - 0x76215000 	C:\Windows\system32\WLDAP32.dll
0x78760000 - 0x78778000 	C:\Program Files\MATLAB\R2009a\bin\win32\nativejava.dll
0x78780000 - 0x7879d000 	C:\Program Files\MATLAB\R2009a\bin\win32\nativejmi.dll

VM Arguments:
jvm_args: -Xss512k -XX:PermSize=32m -Xms64m -XX:NewRatio=3 -XX:MaxPermSize=64m -Xmx128m -XX:MaxDirectMemorySize=1200000000 -Dsun.java2d.noddraw=true -Dsun.awt.nopixfmt=true -Xshare:off -Xrs -Djava.library.path=C:\Program Files\MATLAB\R2009a\bin\win32 vfprintf abort 
java_command: <unknown>
Launcher Type: generic

Environment Variables:
PATH=C:\Program Files\PC Connectivity Solution\;C:\Windows\system32;C:\Windows;C:\Windows\System32\Wbem;C:\Windows\System32\WindowsPowerShell\v1.0\;C:\Program Files\MATLAB\R2009a\bin;C:\Program Files\MATLAB\R2009a\bin\win32;C:\Program Files\MPICH2\bin;C:\Program Files\Quantum ESPRESSO 32-bit 5.1.1-mpich2\bin;C:\Program Files\MiKTeX 2.9\miktex\bin\
USERNAME=Anik
OS=Windows_NT
PROCESSOR_IDENTIFIER=x86 Family 6 Model 15 Stepping 13, GenuineIntel



---------------  S Y S T E M  ---------------

OS: Windows NT 6.1 Build 7601 Service Pack 1

CPU:total 2 (2 cores per cpu, 1 threads per core) family 6 model 15 stepping 13, cmov, cx8, fxsr, mmx, sse, sse2, sse3, ssse3

Memory: 4k page, physical 2088504k(708844k free), swap 4177008k(2537368k free)

vm_info: Java HotSpot(TM) Client VM (10.0-b19) for windows-x86 JRE (1.6.0_04-b12), built on Dec 14 2007 00:51:20 by "java_re" with MS VC++ 7.1

time: Mon Feb 08 00:20:35 2016
elapsed time: 24 seconds

