#
# An unexpected error has been detected by Java Runtime Environment:
#
#  EXCEPTION_ACCESS_VIOLATION (0xc0000005) at pc=0x79a82baf, pid=4004, tid=5308
#
# Java VM: Java HotSpot(TM) Client VM (10.0-b19 mixed mode windows-x86)
# Problematic frame:
# C  [mcr.dll+0x2baf]
#
# If you would like to submit a bug report, please visit:
#   http://java.sun.com/webapps/bugreport/crash.jsp
# The crash happened outside the Java Virtual Machine in native code.
# See problematic frame for where to report the bug.
#

---------------  T H R E A D  ---------------

Current thread (0x0339fc00):  JavaThread "main" [_thread_in_native, id=5308, stack(0x00430000,0x00c30000)]

siginfo: ExceptionCode=0xc0000005, reading address 0x0000002c

Registers:
EAX=0x0000002c, EBX=0x00000001, ECX=0x061dfb80, EDX=0x00ff0048
ESP=0x00c2ee00, EBP=0x00c2ee14, ESI=0x061dfb80, EDI=0x00000000
EIP=0x79a82baf, EFLAGS=0x00010202

Top of Stack: (sp=0x00c2ee00)
0x00c2ee00:   00000000 061dfb80 00c2ee38 79ab0d91
0x00c2ee10:   ffffffff 00c2ee44 79aa998b 0000002c
0x00c2ee20:   7b3868de 00c2f378 00c2ee64 00c2ee68
0x00c2ee30:   00c2ee60 061dfb80 00c2f39c 79ab33db
0x00c2ee40:   00000000 00c2ee58 79a81f6c 00000001
0x00c2ee50:   00000000 00000000 00c2f3a8 79aadaf9
0x00c2ee60:   0106d4d8 00000001 7b3868de 00000000
0x00c2ee70:   00000000 777279e8 00000003 00000000 

Instructions: (pc=0x79a82baf)
0x79a82b9f:   00 50 64 89 25 00 00 00 00 51 8b 45 08 56 8b f1
0x79a82baf:   8b 08 89 0e 8b 50 04 89 56 04 8b 48 08 89 4e 08 


Stack: [0x00430000,0x00c30000],  sp=0x00c2ee00,  free space=8187k
Native frames: (J=compiled Java code, j=interpreted, Vv=VM code, C=native code)
C  [mcr.dll+0x2baf]
C  [mcr.dll+0x2998b]
C  [mcr.dll+0x1f6c]
C  [mcr.dll+0x2daf9]
C  [mcr.dll+0x2ddf7]
C  [m_dispatcher.dll+0x6dac]
C  [m_dispatcher.dll+0x6eb1]
C  [m_dispatcher.dll+0x3f6b]
C  [m_dispatcher.dll+0x6dac]
C  [m_dispatcher.dll+0x6eb1]
C  [m_interpreter.dll+0xa6fcd]
C  [m_interpreter.dll+0xa1da6]
C  [m_interpreter.dll+0x111f1]
C  [nativejmi.dll+0x27b2]
C  [nativejmi.dll+0x2f32]
C  [nativejmi.dll+0x29ea]
C  [nativejmi.dll+0x6ebd]
C  [nativejmi.dll+0x6f83]
v  ~BufferBlob::Interpreter
v  ~BufferBlob::Interpreter
v  ~BufferBlob::Interpreter
v  ~BufferBlob::Interpreter
v  ~BufferBlob::Interpreter
v  ~BufferBlob::Interpreter
v  ~BufferBlob::StubRoutines (1)

Java frames: (J=compiled Java code, j=interpreted, Vv=VM code)
v  ~BufferBlob::Interpreter
v  ~BufferBlob::Interpreter
v  ~BufferBlob::Interpreter
v  ~BufferBlob::Interpreter
v  ~BufferBlob::Interpreter
v  ~BufferBlob::Interpreter
v  ~BufferBlob::StubRoutines (1)

---------------  P R O C E S S  ---------------

Java Threads: ( => current thread )
  0x0c1e4800 JavaThread "Image Fetcher 0" daemon [_thread_blocked, id=2656, stack(0x060b0000,0x06130000)]
  0x0c1e4400 JavaThread "Thread-19" [_thread_blocked, id=2928, stack(0x0f920000,0x0f9a0000)]
  0x0c1e3c00 JavaThread "Thread-18" [_thread_blocked, id=3676, stack(0x0f8a0000,0x0f920000)]
  0x0c1e3800 JavaThread "Thread-17" [_thread_blocked, id=3608, stack(0x0f620000,0x0f6a0000)]
  0x0c1e3400 JavaThread "Active Reference Queue Daemon" daemon [_thread_blocked, id=5684, stack(0x0ec70000,0x0ecf0000)]
  0x0c1e2800 JavaThread "Timer-12" daemon [_thread_blocked, id=3712, stack(0x0ebf0000,0x0ec70000)]
  0x0c1e2000 JavaThread "Timer-11" daemon [_thread_blocked, id=4572, stack(0x0db50000,0x0dbd0000)]
  0x0c1e1c00 JavaThread "Timer-1" [_thread_blocked, id=3096, stack(0x0d680000,0x0d700000)]
  0x04652400 JavaThread "TimerQueue" daemon [_thread_blocked, id=5664, stack(0x0d460000,0x0d4e0000)]
  0x0c276800 JavaThread "AWT-EventQueue-0" [_thread_blocked, id=1964, stack(0x0d3d0000,0x0d450000)]
  0x045e4400 JavaThread "AWT-Shutdown" [_thread_blocked, id=1296, stack(0x0d350000,0x0d3d0000)]
  0x0c3f8400 JavaThread "AWT-Windows" daemon [_thread_in_native, id=5848, stack(0x0cbf0000,0x0cc70000)]
  0x0c3f5c00 JavaThread "Java2D Disposer" daemon [_thread_blocked, id=5608, stack(0x0caf0000,0x0cb70000)]
  0x0ba09000 JavaThread "Timer-0" [_thread_blocked, id=3876, stack(0x0bbb0000,0x0bc30000)]
  0x0b9c6c00 JavaThread "JMI Unnamed Thread" [_thread_in_native, id=5404, stack(0x03db0000,0x045b0000)]
  0x0466a800 JavaThread "Low Memory Detector" daemon [_thread_blocked, id=2856, stack(0x0b130000,0x0b1b0000)]
  0x04662000 JavaThread "CompilerThread0" daemon [_thread_blocked, id=5964, stack(0x0a930000,0x0b130000)]
  0x04661800 JavaThread "Attach Listener" daemon [_thread_blocked, id=5228, stack(0x0a8b0000,0x0a930000)]
  0x04642000 JavaThread "Finalizer" daemon [_thread_blocked, id=996, stack(0x06770000,0x067f0000)]
  0x04641000 JavaThread "Reference Handler" daemon [_thread_blocked, id=3732, stack(0x046b0000,0x04730000)]
=>0x0339fc00 JavaThread "main" [_thread_in_native, id=5308, stack(0x00430000,0x00c30000)]

Other Threads:
  0x0463c400 VMThread [stack: 0x08860000,0x09060000] [id=4628]
  0x04675800 WatcherThread [stack: 0x0b1b0000,0x0b9b0000] [id=5144]

VM state:not at safepoint (normal execution)

VM Mutex/Monitor currently owned by a thread: None

Heap
 def new generation   total 14784K, used 4795K [0x10010000, 0x11010000, 0x12010000)
  eden space 13184K,  25% used [0x10010000, 0x1034a1a0, 0x10cf0000)
  from space 1600K,  93% used [0x10e80000, 0x10ff4ae0, 0x11010000)
  to   space 1600K,   0% used [0x10cf0000, 0x10cf0000, 0x10e80000)
 tenured generation   total 49152K, used 20753K [0x12010000, 0x15010000, 0x18010000)
   the space 49152K,  42% used [0x12010000, 0x13454640, 0x13454800, 0x15010000)
 compacting perm gen  total 32768K, used 25999K [0x18010000, 0x1a010000, 0x1c010000)
   the space 32768K,  79% used [0x18010000, 0x19973cc8, 0x19973e00, 0x1a010000)
No shared spaces configured.

Dynamic libraries:
0x00400000 - 0x0042f000 	C:\Program Files\MATLAB\R2009a\bin\win32\matlab.exe
0x776d0000 - 0x7780c000 	C:\Windows\SYSTEM32\ntdll.dll
0x77290000 - 0x77364000 	C:\Windows\system32\kernel32.dll
0x75ad0000 - 0x75b1a000 	C:\Windows\system32\KERNELBASE.dll
0x7b280000 - 0x7b34a000 	C:\Program Files\MATLAB\R2009a\bin\win32\libut.dll
0x75f90000 - 0x75fba000 	C:\Windows\system32\imagehlp.dll
0x75c90000 - 0x75d3c000 	C:\Windows\system32\msvcrt.dll
0x778f0000 - 0x778f5000 	C:\Windows\system32\PSAPI.DLL
0x7bba0000 - 0x7bbbf000 	C:\Program Files\MATLAB\R2009a\bin\win32\LIBEXPAT.dll
0x6f0f0000 - 0x6f18b000 	C:\Windows\WinSxS\x86_microsoft.vc80.crt_1fc8b3b9a1e18e3b_8.0.50727.4940_none_d08cc06a442b34fc\MSVCR80.dll
0x7b6b0000 - 0x7b791000 	C:\Program Files\MATLAB\R2009a\bin\win32\icuuc38.dll
0x76fc0000 - 0x77060000 	C:\Windows\system32\ADVAPI32.dll
0x760d0000 - 0x760e9000 	C:\Windows\SYSTEM32\sechost.dll
0x76010000 - 0x760b1000 	C:\Windows\system32\RPCRT4.dll
0x7ad90000 - 0x7ad94000 	C:\Program Files\MATLAB\R2009a\bin\win32\icudt38.dll
0x7ada0000 - 0x7adac000 	C:\Program Files\MATLAB\R2009a\bin\win32\icuio38.dll
0x7afe0000 - 0x7b0c4000 	C:\Program Files\MATLAB\R2009a\bin\win32\icuin38.dll
0x5d4e0000 - 0x5d567000 	C:\Windows\WinSxS\x86_microsoft.vc80.crt_1fc8b3b9a1e18e3b_8.0.50727.4940_none_d08cc06a442b34fc\MSVCP80.dll
0x77080000 - 0x77149000 	C:\Windows\system32\USER32.dll
0x75fc0000 - 0x7600e000 	C:\Windows\system32\GDI32.dll
0x75e20000 - 0x75e2a000 	C:\Windows\system32\LPK.dll
0x75d80000 - 0x75e1d000 	C:\Windows\system32\USP10.dll
0x782e0000 - 0x78317000 	C:\Program Files\MATLAB\R2009a\bin\win32\libmwfl.dll
0x10000000 - 0x1000e000 	C:\Program Files\MATLAB\R2009a\bin\win32\boost_date_time-vc80-mt-1_36.dll
0x00130000 - 0x00140000 	C:\Program Files\MATLAB\R2009a\bin\win32\boost_signals-vc80-mt-1_36.dll
0x00150000 - 0x00157000 	C:\Program Files\MATLAB\R2009a\bin\win32\boost_system-vc80-mt-1_36.dll
0x00170000 - 0x0017c000 	C:\Program Files\MATLAB\R2009a\bin\win32\boost_thread-vc80-mt-1_36.dll
0x7b3b0000 - 0x7b59a000 	C:\Program Files\MATLAB\R2009a\bin\win32\libmwservices.dll
0x7b350000 - 0x7b3aa000 	C:\Program Files\MATLAB\R2009a\bin\win32\libmx.dll
0x787a0000 - 0x787b3000 	C:\Program Files\MATLAB\R2009a\bin\win32\zlib1.dll
0x7b5a0000 - 0x7b6af000 	C:\Program Files\MATLAB\R2009a\bin\win32\libmwmathutil.dll
0x79510000 - 0x79543000 	C:\Program Files\MATLAB\R2009a\bin\win32\mpath.dll
0x6fef0000 - 0x6ff1f000 	C:\Program Files\MATLAB\R2009a\bin\win32\mlutil.dll
0x001e0000 - 0x00219000 	C:\Program Files\MATLAB\R2009a\bin\win32\tbb.dll
0x686b0000 - 0x68734000 	C:\Windows\WinSxS\x86_microsoft.windows.common-controls_6595b64144ccf1df_5.82.7601.17514_none_ec83dffa859149af\COMCTL32.dll
0x75b20000 - 0x75b9b000 	C:\Windows\system32\comdlg32.dll
0x75ba0000 - 0x75bf7000 	C:\Windows\system32\SHLWAPI.dll
0x76290000 - 0x76eda000 	C:\Windows\system32\SHELL32.dll
0x731d0000 - 0x731e1000 	C:\Windows\system32\NETAPI32.dll
0x731c0000 - 0x731c9000 	C:\Windows\system32\netutils.dll
0x75540000 - 0x75559000 	C:\Windows\system32\srvcli.dll
0x731b0000 - 0x731bf000 	C:\Windows\system32\wkscli.dll
0x75d40000 - 0x75d75000 	C:\Windows\system32\WS2_32.dll
0x77810000 - 0x77816000 	C:\Windows\system32\NSI.dll
0x79a80000 - 0x79ad3000 	C:\Program Files\MATLAB\R2009a\bin\win32\mcr.dll
0x7adb0000 - 0x7adeb000 	C:\Program Files\MATLAB\R2009a\bin\win32\iqm.dll
0x7a080000 - 0x7a558000 	C:\Program Files\MATLAB\R2009a\bin\win32\m_interpreter.dll
0x7ae00000 - 0x7ae0c000 	C:\Program Files\MATLAB\R2009a\bin\win32\libmex.dll
0x79960000 - 0x799b7000 	C:\Program Files\MATLAB\R2009a\bin\win32\m_dispatcher.dll
0x78670000 - 0x7868c000 	C:\Program Files\MATLAB\R2009a\bin\win32\datasvcs.dll
0x78df0000 - 0x78fb2000 	C:\Program Files\MATLAB\R2009a\bin\win32\xerces-c_2_7.dll
0x00c30000 - 0x00ccd000 	C:\Program Files\MATLAB\R2009a\bin\win32\boost_regex-vc80-mt-1_36.dll
0x79870000 - 0x798c7000 	C:\Program Files\MATLAB\R2009a\bin\win32\profiler.dll
0x7ae60000 - 0x7ae7e000 	C:\Program Files\MATLAB\R2009a\bin\win32\libmwmathrng.dll
0x78720000 - 0x78732000 	C:\Program Files\MATLAB\R2009a\bin\win32\m_pcodeio.dll
0x794d0000 - 0x79507000 	C:\Program Files\MATLAB\R2009a\bin\win32\m_ir.dll
0x79b60000 - 0x7a077000 	C:\Program Files\MATLAB\R2009a\bin\win32\m_parser.dll
0x7adf0000 - 0x7adfe000 	C:\Program Files\MATLAB\R2009a\bin\win32\ir_xfmr.dll
0x78320000 - 0x78468000 	C:\Program Files\MATLAB\R2009a\bin\win32\mcos.dll
0x7aea0000 - 0x7aeaa000 	C:\Program Files\MATLAB\R2009a\bin\win32\mtok.dll
0x78700000 - 0x78716000 	C:\Program Files\MATLAB\R2009a\bin\win32\m_pcodegen.dll
0x78650000 - 0x7866b000 	C:\Program Files\MATLAB\R2009a\bin\win32\bridge.dll
0x7aae0000 - 0x7ab64000 	C:\Program Files\MATLAB\R2009a\bin\win32\udd.dll
0x7b7a0000 - 0x7b89b000 	C:\Program Files\MATLAB\R2009a\bin\win32\libmwgui.dll
0x78800000 - 0x789f1000 	C:\Program Files\MATLAB\R2009a\bin\win32\hg.dll
0x78690000 - 0x786b2000 	C:\Program Files\MATLAB\R2009a\bin\win32\libmat.dll
0x7b0d0000 - 0x7b275000 	C:\Program Files\MATLAB\R2009a\bin\win32\libhdf5.dll
0x793e0000 - 0x7941e000 	C:\Program Files\MATLAB\R2009a\bin\win32\jmi.dll
0x790f0000 - 0x7911c000 	C:\Program Files\MATLAB\R2009a\bin\win32\libmwhardcopy.dll
0x79490000 - 0x794c7000 	C:\Program Files\MATLAB\R2009a\bin\win32\libuij.dll
0x78d50000 - 0x78de5000 	C:\Program Files\MATLAB\R2009a\bin\win32\libmwmathlinalg.dll
0x78a60000 - 0x78d42000 	C:\Program Files\MATLAB\R2009a\bin\win32\libmwmathelem.dll
0x78a00000 - 0x78a52000 	C:\Program Files\MATLAB\R2009a\bin\win32\libmwmathcore.dll
0x798d0000 - 0x79917000 	C:\Program Files\MATLAB\R2009a\bin\win32\libmwcholmod.dll
0x7ae10000 - 0x7ae1a000 	C:\Program Files\MATLAB\R2009a\bin\win32\libmwamd.dll
0x7ae40000 - 0x7ae49000 	C:\Program Files\MATLAB\R2009a\bin\win32\libmwcolamd.dll
0x7ae30000 - 0x7ae3d000 	C:\Program Files\MATLAB\R2009a\bin\win32\libmwblas.dll
0x7ae20000 - 0x7ae2c000 	C:\Program Files\MATLAB\R2009a\bin\win32\libmwbinder.dll
0x786c0000 - 0x786f8000 	C:\Program Files\MATLAB\R2009a\bin\win32\libmwlapack.dll
0x6feb0000 - 0x6fee5000 	C:\Program Files\MATLAB\R2009a\bin\win32\libmwrookfastbp.dll
0x79120000 - 0x7915c000 	C:\Program Files\MATLAB\R2009a\bin\win32\libmwma57.dll
0x7aef0000 - 0x7afd9000 	C:\Program Files\MATLAB\R2009a\bin\win32\libifcoremd.dll
0x79550000 - 0x79813000 	C:\Program Files\MATLAB\R2009a\bin\win32\libmmd.dll
0x7ae50000 - 0x7ae5c000 	C:\Program Files\MATLAB\R2009a\bin\win32\libmwcsparse.dll
0x79a20000 - 0x79a73000 	C:\Program Files\MATLAB\R2009a\bin\win32\libmwumfpack.dll
0x00e60000 - 0x00f07000 	C:\Program Files\MATLAB\R2009a\bin\win32\hgdatatypes.dll
0x7ab70000 - 0x7ad89000 	C:\Program Files\MATLAB\R2009a\bin\win32\uiw.dll
0x7aee0000 - 0x7aee9000 	C:\Program Files\MATLAB\R2009a\bin\win32\uinone.dll
0x5aab0000 - 0x5abc0000 	C:\Windows\WinSxS\x86_microsoft.vc80.mfc_1fc8b3b9a1e18e3b_8.0.50727.4053_none_cbf21254470d8752\MFC80.DLL
0x6e620000 - 0x6e671000 	C:\Windows\system32\WINSPOOL.DRV
0x77570000 - 0x776cc000 	C:\Windows\system32\ole32.dll
0x75c00000 - 0x75c8f000 	C:\Windows\system32\OLEAUT32.dll
0x79ae0000 - 0x79b55000 	C:\Program Files\MATLAB\R2009a\bin\win32\udd_mi.dll
0x78740000 - 0x78753000 	C:\Program Files\MATLAB\R2009a\bin\win32\mwoles05.DLL
0x79820000 - 0x79864000 	C:\Program Files\MATLAB\R2009a\bin\win32\comcli.dll
0x68ac0000 - 0x68adb000 	C:\Windows\WinSxS\x86_microsoft.vc80.atl_1fc8b3b9a1e18e3b_8.0.50727.4053_none_d1c738ec43578ea1\ATL80.DLL
0x7ae90000 - 0x7ae9b000 	C:\Program Files\MATLAB\R2009a\bin\win32\mlautoregister.dll
0x77060000 - 0x7707f000 	C:\Windows\system32\IMM32.DLL
0x77820000 - 0x778ec000 	C:\Windows\system32\MSCTF.dll
0x72750000 - 0x7275e000 	C:\Windows\WinSxS\x86_microsoft.vc80.mfcloc_1fc8b3b9a1e18e3b_8.0.50727.762_none_43efccf17831d131\MFC80ENU.DLL
0x742b0000 - 0x742f0000 	C:\Windows\system32\uxtheme.dll
0x75820000 - 0x7582b000 	C:\Windows\system32\profapi.dll
0x73030000 - 0x7304c000 	C:\Windows\system32\iphlpapi.dll
0x73020000 - 0x73027000 	C:\Windows\system32\WINNSI.DLL
0x75120000 - 0x75164000 	C:\Windows\system32\DNSAPI.dll
0x72f20000 - 0x72f2d000 	C:\Windows\system32\dhcpcsvc6.DLL
0x72d00000 - 0x72d12000 	C:\Windows\system32\dhcpcsvc.DLL
0x72560000 - 0x72563000 	C:\Windows\system32\icmp.Dll
0x75770000 - 0x7577c000 	C:\Windows\system32\CRYPTBASE.dll
0x79190000 - 0x793e0000 	C:\Program Files\MATLAB\R2009a\sys\java\jre\win32\jre\bin\client\jvm.dll
0x72de0000 - 0x72e12000 	C:\Windows\system32\WINMM.dll
0x6ffa0000 - 0x6fff6000 	C:\Program Files\MATLAB\R2009a\bin\win32\MSVCR71.dll
0x75720000 - 0x7576c000 	C:\Windows\system32\apphelp.dll
0x71220000 - 0x7130b000 	C:\Windows\system32\dbghelp.dll
0x79920000 - 0x79928000 	C:\Program Files\MATLAB\R2009a\sys\java\jre\win32\jre\bin\hpi.dll
0x79940000 - 0x7994c000 	C:\Program Files\MATLAB\R2009a\sys\java\jre\win32\jre\bin\verify.dll
0x787c0000 - 0x787df000 	C:\Program Files\MATLAB\R2009a\sys\java\jre\win32\jre\bin\java.dll
0x79950000 - 0x7995f000 	C:\Program Files\MATLAB\R2009a\sys\java\jre\win32\jre\bin\zip.dll
0x74620000 - 0x747be000 	C:\Windows\WinSxS\x86_microsoft.windows.common-controls_6595b64144ccf1df_6.0.7601.17514_none_41e6975e2bd6f2b2\comctl32.dll
0x760f0000 - 0x7628d000 	C:\Windows\system32\SETUPAPI.dll
0x75a70000 - 0x75a97000 	C:\Windows\system32\CFGMGR32.dll
0x758a0000 - 0x758b2000 	C:\Windows\system32\DEVOBJ.dll
0x76f30000 - 0x76fb3000 	C:\Windows\system32\CLBCatQ.DLL
0x743e0000 - 0x744d5000 	C:\Windows\system32\propsys.dll
0x74390000 - 0x743b1000 	C:\Windows\system32\ntmarta.dll
0x76ee0000 - 0x76f25000 	C:\Windows\system32\WLDAP32.dll
0x78760000 - 0x78778000 	C:\Program Files\MATLAB\R2009a\bin\win32\nativejava.dll
0x78780000 - 0x7879d000 	C:\Program Files\MATLAB\R2009a\bin\win32\nativejmi.dll

VM Arguments:
jvm_args: -Xss512k -XX:PermSize=32m -Xms64m -XX:NewRatio=3 -XX:MaxPermSize=64m -Xmx128m -XX:MaxDirectMemorySize=1200000000 -Dsun.java2d.noddraw=true -Dsun.awt.nopixfmt=true -Xshare:off -Xrs -Djava.library.path=C:\Program Files\MATLAB\R2009a\bin\win32 vfprintf abort 
java_command: <unknown>
Launcher Type: generic

Environment Variables:
PATH=C:\Program Files\PC Connectivity Solution\;C:\Windows\system32;C:\Windows;C:\Windows\System32\Wbem;C:\Windows\System32\WindowsPowerShell\v1.0\;C:\Program Files\MATLAB\R2009a\bin;C:\Program Files\MATLAB\R2009a\bin\win32;C:\Program Files\MPICH2\bin;C:\Program Files\Quantum ESPRESSO 32-bit 5.1.1-mpich2\bin;C:\Program Files\MiKTeX 2.9\miktex\bin\
USERNAME=Anik
OS=Windows_NT
PROCESSOR_IDENTIFIER=x86 Family 6 Model 15 Stepping 13, GenuineIntel



---------------  S Y S T E M  ---------------

OS: Windows NT 6.1 Build 7601 Service Pack 1

CPU:total 2 (2 cores per cpu, 1 threads per core) family 6 model 15 stepping 13, cmov, cx8, fxsr, mmx, sse, sse2, sse3, ssse3

Memory: 4k page, physical 2088504k(150932k free), swap 4177008k(1613956k free)

vm_info: Java HotSpot(TM) Client VM (10.0-b19) for windows-x86 JRE (1.6.0_04-b12), built on Dec 14 2007 00:51:20 by "java_re" with MS VC++ 7.1

time: Sun Feb 07 21:22:57 2016
elapsed time: 54 seconds

